<?xml version="1.0" encoding="UTF-8"?>
<!-- Generated by org.testng.reporters.JUnitReportReporter -->
<testsuite hostname="LAPTOP-NGPJ1III" failures="0" tests="1" name="TestRunner.TutorialTestRunner" time="15.451" errors="0" timestamp="2025-08-26T12:24:11 IST" skipped="0">
  <testcase classname="TestRunner.TutorialTestRunner" name="runScenario" time="15.451"/>
</testsuite> <!-- TestRunner.TutorialTestRunner -->
