<?xml version="1.0" encoding="UTF-8"?>
<!-- Generated by org.testng.reporters.JUnitReportReporter -->
<testsuite hostname="LAPTOP-NGPJ1III" failures="0" tests="1" name="TestRunner.TutorialTestRunner" time="23.931" errors="0" timestamp="2025-09-07T00:52:49 IST" skipped="0">
  <testcase classname="TestRunner.TutorialTestRunner" name="runScenario" time="23.931"/>
</testsuite> <!-- TestRunner.TutorialTestRunner -->
